<?xml version="1.0" encoding="UTF-8"?>
<!-- Generated by org.testng.reporters.JUnitXMLReporter -->
<testsuite ignored="0" hostname="L0USMN000110689" failures="1" tests="8" name="Matrix CA Test Cases" time="77.223" errors="0" timestamp="18 Jul 2020 02:29:04 GMT">
  <testcase classname="matrix.ca.testcases.LoginPageTest" name="LoginPageTitleTest" time="0.037"/>
  <testcase classname="matrix.ca.testcases.HomePageTest" name="HomePageTitleTest" time="0.009"/>
  <testcase classname="matrix.ca.testcases.LoginPageTest" name="UserLoginTest" time="0.343"/>
  <testcase classname="matrix.ca.testcases.HomePageTest" name="CompanyLogoTest" time="2.799"/>
  <testcase classname="matrix.ca.testcases.HomePageTest" name="UserSignInTest" time="2.657"/>
  <testcase classname="matrix.ca.testcases.HomePageTest" name="UserSignInBranchTest" time="0.705"/>
  <testcase classname="matrix.ca.testcases.HomePageTest" name="WelcomeMessageTest" time="0.625"/>
  <testcase classname="matrix.ca.testcases.HomePageTest" name="CustomerServiceEmailTest" time="2.026">
    <failure type="java.lang.AssertionError" message="The following asserts failed:
	Matrix Customer Service Email doesn&amp;apos;t match. expected [matrixcustomerservice@mycwt] but found [matrixcustomerservice@mycwt.com]">
      <![CDATA[java.lang.AssertionError: The following asserts failed:
	Matrix Customer Service Email doesn't match. expected [matrixcustomerservice@mycwt] but found [matrixcustomerservice@mycwt.com]
	at matrix.ca.testcases.HomePageTest.CustomerServiceEmailTest(HomePageTest.java:168)
... Removed 26 stack frames]]>
    </failure>
  </testcase> <!-- CustomerServiceEmailTest -->
</testsuite> <!-- Matrix CA Test Cases -->
