<?xml version="1.0" encoding="UTF-8"?>
<testng-results ignored="0" total="8" passed="7" failed="1" skipped="0">
  <reporter-output>
  </reporter-output>
  <suite started-at="2020-07-17T14:27:26Z" name="MATRIX CA TEST AUTOMATION TEST SUITE" finished-at="2020-07-17T14:28:38Z" duration-ms="72607">
    <groups>
    </groups>
    <test started-at="2020-07-17T14:27:26Z" name="Matrix CA Test Cases" finished-at="2020-07-17T14:28:38Z" duration-ms="72607">
      <class name="matrix.ca.testcases.LoginPageTest">
        <test-method is-config="true" signature="setUp()[pri:0, instance:matrix.ca.testcases.LoginPageTest@2df3b89c]" started-at="2020-07-17T09:27:26Z" name="setUp" finished-at="2020-07-17T09:27:35Z" duration-ms="9079" status="PASS">
          <reporter-output>
          </reporter-output>
        </test-method> <!-- setUp -->
        <test-method signature="LoginPageTitleTest()[pri:1, instance:matrix.ca.testcases.LoginPageTest@2df3b89c]" started-at="2020-07-17T09:27:35Z" name="LoginPageTitleTest" finished-at="2020-07-17T09:27:35Z" duration-ms="26" status="PASS">
          <reporter-output>
          </reporter-output>
        </test-method> <!-- LoginPageTitleTest -->
        <test-method is-config="true" signature="closeBrowser()[pri:0, instance:matrix.ca.testcases.LoginPageTest@2df3b89c]" started-at="2020-07-17T09:27:35Z" name="closeBrowser" finished-at="2020-07-17T09:27:36Z" duration-ms="941" status="PASS">
          <reporter-output>
          </reporter-output>
        </test-method> <!-- closeBrowser -->
        <test-method is-config="true" signature="setUp()[pri:0, instance:matrix.ca.testcases.LoginPageTest@2df3b89c]" started-at="2020-07-17T09:27:44Z" name="setUp" finished-at="2020-07-17T09:27:52Z" duration-ms="7991" status="PASS">
          <reporter-output>
          </reporter-output>
        </test-method> <!-- setUp -->
        <test-method signature="UserLoginTest()[pri:2, instance:matrix.ca.testcases.LoginPageTest@2df3b89c]" started-at="2020-07-17T09:27:52Z" name="UserLoginTest" finished-at="2020-07-17T09:27:53Z" duration-ms="250" status="PASS">
          <reporter-output>
          </reporter-output>
        </test-method> <!-- UserLoginTest -->
        <test-method is-config="true" signature="closeBrowser()[pri:0, instance:matrix.ca.testcases.LoginPageTest@2df3b89c]" started-at="2020-07-17T09:27:53Z" name="closeBrowser" finished-at="2020-07-17T09:27:53Z" duration-ms="773" status="PASS">
          <reporter-output>
          </reporter-output>
        </test-method> <!-- closeBrowser -->
      </class> <!-- matrix.ca.testcases.LoginPageTest -->
      <class name="matrix.ca.testcases.HomePageTest">
        <test-method is-config="true" signature="setUp()[pri:0, instance:matrix.ca.testcases.HomePageTest@23348b5d]" started-at="2020-07-17T09:27:36Z" name="setUp" finished-at="2020-07-17T09:27:44Z" duration-ms="7703" status="PASS">
          <reporter-output>
          </reporter-output>
        </test-method> <!-- setUp -->
        <test-method signature="HomePageTitleTest()[pri:1, instance:matrix.ca.testcases.HomePageTest@23348b5d]" started-at="2020-07-17T09:27:44Z" name="HomePageTitleTest" finished-at="2020-07-17T09:27:44Z" duration-ms="12" status="PASS">
          <reporter-output>
          </reporter-output>
        </test-method> <!-- HomePageTitleTest -->
        <test-method is-config="true" signature="closeBrowser()[pri:0, instance:matrix.ca.testcases.HomePageTest@23348b5d]" started-at="2020-07-17T09:27:44Z" name="closeBrowser" finished-at="2020-07-17T09:27:44Z" duration-ms="775" status="PASS">
          <reporter-output>
          </reporter-output>
        </test-method> <!-- closeBrowser -->
        <test-method is-config="true" signature="setUp()[pri:0, instance:matrix.ca.testcases.HomePageTest@23348b5d]" started-at="2020-07-17T09:27:53Z" name="setUp" finished-at="2020-07-17T09:28:00Z" duration-ms="6605" status="PASS">
          <reporter-output>
          </reporter-output>
        </test-method> <!-- setUp -->
        <test-method signature="CompanyLogoTest()[pri:2, instance:matrix.ca.testcases.HomePageTest@23348b5d]" started-at="2020-07-17T09:28:00Z" name="CompanyLogoTest" finished-at="2020-07-17T09:28:01Z" duration-ms="833" status="PASS">
          <reporter-output>
          </reporter-output>
        </test-method> <!-- CompanyLogoTest -->
        <test-method is-config="true" signature="closeBrowser()[pri:0, instance:matrix.ca.testcases.HomePageTest@23348b5d]" started-at="2020-07-17T09:28:01Z" name="closeBrowser" finished-at="2020-07-17T09:28:02Z" duration-ms="774" status="PASS">
          <reporter-output>
          </reporter-output>
        </test-method> <!-- closeBrowser -->
        <test-method is-config="true" signature="setUp()[pri:0, instance:matrix.ca.testcases.HomePageTest@23348b5d]" started-at="2020-07-17T09:28:02Z" name="setUp" finished-at="2020-07-17T09:28:10Z" duration-ms="8306" status="PASS">
          <reporter-output>
          </reporter-output>
        </test-method> <!-- setUp -->
        <test-method signature="UserSignInTest()[pri:3, instance:matrix.ca.testcases.HomePageTest@23348b5d]" started-at="2020-07-17T09:28:10Z" name="UserSignInTest" finished-at="2020-07-17T09:28:11Z" duration-ms="986" status="PASS">
          <reporter-output>
          </reporter-output>
        </test-method> <!-- UserSignInTest -->
        <test-method is-config="true" signature="closeBrowser()[pri:0, instance:matrix.ca.testcases.HomePageTest@23348b5d]" started-at="2020-07-17T09:28:11Z" name="closeBrowser" finished-at="2020-07-17T09:28:12Z" duration-ms="807" status="PASS">
          <reporter-output>
          </reporter-output>
        </test-method> <!-- closeBrowser -->
        <test-method is-config="true" signature="setUp()[pri:0, instance:matrix.ca.testcases.HomePageTest@23348b5d]" started-at="2020-07-17T09:28:12Z" name="setUp" finished-at="2020-07-17T09:28:19Z" duration-ms="6857" status="PASS">
          <reporter-output>
          </reporter-output>
        </test-method> <!-- setUp -->
        <test-method signature="UserSignInBranchTest()[pri:4, instance:matrix.ca.testcases.HomePageTest@23348b5d]" started-at="2020-07-17T09:28:19Z" name="UserSignInBranchTest" finished-at="2020-07-17T09:28:19Z" duration-ms="847" status="PASS">
          <reporter-output>
          </reporter-output>
        </test-method> <!-- UserSignInBranchTest -->
        <test-method is-config="true" signature="closeBrowser()[pri:0, instance:matrix.ca.testcases.HomePageTest@23348b5d]" started-at="2020-07-17T09:28:19Z" name="closeBrowser" finished-at="2020-07-17T09:28:20Z" duration-ms="857" status="PASS">
          <reporter-output>
          </reporter-output>
        </test-method> <!-- closeBrowser -->
        <test-method is-config="true" signature="setUp()[pri:0, instance:matrix.ca.testcases.HomePageTest@23348b5d]" started-at="2020-07-17T09:28:20Z" name="setUp" finished-at="2020-07-17T09:28:28Z" duration-ms="8216" status="PASS">
          <reporter-output>
          </reporter-output>
        </test-method> <!-- setUp -->
        <test-method signature="WelcomeMessageTest()[pri:5, instance:matrix.ca.testcases.HomePageTest@23348b5d]" started-at="2020-07-17T09:28:28Z" name="WelcomeMessageTest" finished-at="2020-07-17T09:28:29Z" duration-ms="914" status="PASS">
          <reporter-output>
          </reporter-output>
        </test-method> <!-- WelcomeMessageTest -->
        <test-method is-config="true" signature="closeBrowser()[pri:0, instance:matrix.ca.testcases.HomePageTest@23348b5d]" started-at="2020-07-17T09:28:29Z" name="closeBrowser" finished-at="2020-07-17T09:28:30Z" duration-ms="778" status="PASS">
          <reporter-output>
          </reporter-output>
        </test-method> <!-- closeBrowser -->
        <test-method is-config="true" signature="setUp()[pri:0, instance:matrix.ca.testcases.HomePageTest@23348b5d]" started-at="2020-07-17T09:28:30Z" name="setUp" finished-at="2020-07-17T09:28:37Z" duration-ms="6722" status="PASS">
          <reporter-output>
          </reporter-output>
        </test-method> <!-- setUp -->
        <test-method signature="CustomerServiceEmailTest()[pri:6, instance:matrix.ca.testcases.HomePageTest@23348b5d]" started-at="2020-07-17T09:28:37Z" name="CustomerServiceEmailTest" finished-at="2020-07-17T09:28:38Z" duration-ms="736" status="FAIL">
          <exception class="java.lang.AssertionError">
            <message>
              <![CDATA[The following asserts failed:
	Matrix Customer Service Email doesn't match. expected [matrixcustomerservice@mycwt] but found [matrixcustomerservice@mycwt.com]]]>
            </message>
            <full-stacktrace>
              <![CDATA[java.lang.AssertionError: The following asserts failed:
	Matrix Customer Service Email doesn't match. expected [matrixcustomerservice@mycwt] but found [matrixcustomerservice@mycwt.com]
	at org.testng.asserts.SoftAssert.assertAll(SoftAssert.java:43)
	at matrix.ca.testcases.HomePageTest.CustomerServiceEmailTest(HomePageTest.java:168)
	at java.base/jdk.internal.reflect.NativeMethodAccessorImpl.invoke0(Native Method)
	at java.base/jdk.internal.reflect.NativeMethodAccessorImpl.invoke(NativeMethodAccessorImpl.java:62)
	at java.base/jdk.internal.reflect.DelegatingMethodAccessorImpl.invoke(DelegatingMethodAccessorImpl.java:43)
	at java.base/java.lang.reflect.Method.invoke(Method.java:566)
	at org.testng.internal.MethodInvocationHelper.invokeMethod(MethodInvocationHelper.java:108)
	at org.testng.internal.Invoker.invokeMethod(Invoker.java:661)
	at org.testng.internal.Invoker.invokeTestMethod(Invoker.java:869)
	at org.testng.internal.Invoker.invokeTestMethods(Invoker.java:1193)
	at org.testng.internal.TestMethodWorker.invokeTestMethods(TestMethodWorker.java:126)
	at org.testng.internal.TestMethodWorker.run(TestMethodWorker.java:109)
	at org.testng.TestRunner.privateRun(TestRunner.java:744)
	at org.testng.TestRunner.run(TestRunner.java:602)
	at org.testng.SuiteRunner.runTest(SuiteRunner.java:380)
	at org.testng.SuiteRunner.runSequentially(SuiteRunner.java:375)
	at org.testng.SuiteRunner.privateRun(SuiteRunner.java:340)
	at org.testng.SuiteRunner.run(SuiteRunner.java:289)
	at org.testng.SuiteRunnerWorker.runSuite(SuiteRunnerWorker.java:52)
	at org.testng.SuiteRunnerWorker.run(SuiteRunnerWorker.java:86)
	at org.testng.TestNG.runSuitesSequentially(TestNG.java:1301)
	at org.testng.TestNG.runSuitesLocally(TestNG.java:1226)
	at org.testng.TestNG.runSuites(TestNG.java:1144)
	at org.testng.TestNG.run(TestNG.java:1115)
	at org.testng.remote.AbstractRemoteTestNG.run(AbstractRemoteTestNG.java:115)
	at org.testng.remote.RemoteTestNG.initAndRun(RemoteTestNG.java:251)
	at org.testng.remote.RemoteTestNG.main(RemoteTestNG.java:77)
]]>
            </full-stacktrace>
          </exception> <!-- java.lang.AssertionError -->
          <reporter-output>
          </reporter-output>
        </test-method> <!-- CustomerServiceEmailTest -->
        <test-method is-config="true" signature="closeBrowser()[pri:0, instance:matrix.ca.testcases.HomePageTest@23348b5d]" started-at="2020-07-17T09:28:38Z" name="closeBrowser" finished-at="2020-07-17T09:28:38Z" duration-ms="749" status="PASS">
          <reporter-output>
          </reporter-output>
        </test-method> <!-- closeBrowser -->
      </class> <!-- matrix.ca.testcases.HomePageTest -->
    </test> <!-- Matrix CA Test Cases -->
  </suite> <!-- MATRIX CA TEST AUTOMATION TEST SUITE -->
</testng-results>
