<?xml version="1.0" encoding="UTF-8"?>
<!-- Generated by org.testng.reporters.JUnitXMLReporter -->
<testsuite ignored="0" hostname="L0USMN000110689" failures="1" tests="8" name="Matrix CA Test Cases" time="72.607" errors="0" timestamp="17 Jul 2020 14:28:38 GMT">
  <testcase classname="matrix.ca.testcases.LoginPageTest" name="LoginPageTitleTest" time="0.026"/>
  <testcase classname="matrix.ca.testcases.HomePageTest" name="HomePageTitleTest" time="0.012"/>
  <testcase classname="matrix.ca.testcases.LoginPageTest" name="UserLoginTest" time="0.25"/>
  <testcase classname="matrix.ca.testcases.HomePageTest" name="CompanyLogoTest" time="0.833"/>
  <testcase classname="matrix.ca.testcases.HomePageTest" name="UserSignInTest" time="0.986"/>
  <testcase classname="matrix.ca.testcases.HomePageTest" name="UserSignInBranchTest" time="0.847"/>
  <testcase classname="matrix.ca.testcases.HomePageTest" name="WelcomeMessageTest" time="0.914"/>
  <testcase classname="matrix.ca.testcases.HomePageTest" name="CustomerServiceEmailTest" time="0.736">
    <failure type="java.lang.AssertionError" message="The following asserts failed:
	Matrix Customer Service Email doesn&amp;apos;t match. expected [matrixcustomerservice@mycwt] but found [matrixcustomerservice@mycwt.com]">
      <![CDATA[java.lang.AssertionError: The following asserts failed:
	Matrix Customer Service Email doesn't match. expected [matrixcustomerservice@mycwt] but found [matrixcustomerservice@mycwt.com]
	at matrix.ca.testcases.HomePageTest.CustomerServiceEmailTest(HomePageTest.java:168)
... Removed 26 stack frames]]>
    </failure>
  </testcase> <!-- CustomerServiceEmailTest -->
</testsuite> <!-- Matrix CA Test Cases -->
